2025-01-15 19:07:39 - [[32minfo[39m]: [32mServer running at : undefined:/8080[39m
2025-01-15 19:07:48 - [[32minfo[39m]: [32mServer running at : undefined:/8080[39m
2025-01-15 19:08:27 - [[32minfo[39m]: [32mServer running at : undefined:/8080[39m
2025-01-15 19:08:48 - [[32minfo[39m]: [32mServer running at : localhost:/3000[39m
2025-01-15 19:08:56 - [[32minfo[39m]: [32mServer running at : localhost:/3000[39m
2025-01-15 19:09:16 - [[32minfo[39m]: [32mServidor iniciado : localhost:/3000[39m
2025-01-15 19:09:34 - [[32minfo[39m]: [32mServidor iniciado : http://localhost:/3000[39m
2025-01-15 19:10:23 - [[35mhttp[39m]: [35mGET / 404 139 - 3.911 ms[39m
[35m[39m
2025-01-15 19:10:44 - [[35mhttp[39m]: [35mGET /api 200 11 - 2.960 ms[39m
[35m[39m
2025-01-15 19:10:45 - [[35mhttp[39m]: [35mGET /favicon.ico 404 150 - 0.863 ms[39m
[35m[39m
2025-01-15 19:11:03 - [[32minfo[39m]: [32mServidor iniciado : http://localhost:/3000[39m
2025-01-15 19:11:12 - [[35mhttp[39m]: [35mGET /api 404 142 - 5.018 ms[39m
[35m[39m
2025-01-15 19:11:16 - [[35mhttp[39m]: [35mGET / 200 11 - 2.360 ms[39m
[35m[39m
2025-01-15 19:12:45 - [[32minfo[39m]: [32mServidor iniciado : http://localhost:/3000[39m
2025-01-15 19:12:50 - [[35mhttp[39m]: [35mGET /clients 200 11 - 3.700 ms[39m
[35m[39m
2025-01-15 19:13:20 - [[32minfo[39m]: [32mServidor iniciado : http://localhost:/3000[39m
2025-01-15 19:13:26 - [[35mhttp[39m]: [35mGET /clients/pix 200 11 - 5.893 ms[39m
[35m[39m
2025-01-15 19:39:05 - [[32minfo[39m]: [32mServidor iniciado : http://localhost:/3000[39m
2025-01-15 20:00:46 - [[32minfo[39m]: [32mServidor iniciado : http://localhost:/3000[39m
2025-01-15 20:18:38 - [[32minfo[39m]: [32mServidor iniciado : http://localhost:/3000[39m
2025-01-15 20:23:26 - [[32minfo[39m]: [32mServidor iniciado : http://localhost:/3000[39m
2025-01-15 20:24:03 - [[32minfo[39m]: [32mServidor iniciado : http://localhost:/3000[39m
2025-01-15 20:24:04 - [[32minfo[39m]: [32mServidor iniciado : http://localhost:/3000[39m
2025-01-15 20:26:36 - [[35mhttp[39m]: [35mGET /clients 401 1460 - 9.844 ms[39m
[35m[39m
2025-01-15 20:26:43 - [[35mhttp[39m]: [35mGET /clients 401 1460 - 1.780 ms[39m
[35m[39m
2025-01-15 20:26:55 - [[35mhttp[39m]: [35mPOST /clients/login 401 1460 - 2.161 ms[39m
[35m[39m
2025-01-15 20:27:27 - [[32minfo[39m]: [32mServidor iniciado : http://localhost:/3000[39m
2025-01-15 20:27:29 - [[35mhttp[39m]: [35mPOST /clients/login 401 1460 - 6.397 ms[39m
[35m[39m
2025-01-15 20:27:38 - [[32minfo[39m]: [32mServidor iniciado : http://localhost:/3000[39m
2025-01-15 20:36:55 - [[32minfo[39m]: [32mServidor iniciado : http://localhost:/3000[39m
2025-01-15 20:37:05 - [[35mhttp[39m]: [35mPOST /clients/signin 401 1460 - 6.420 ms[39m
[35m[39m
2025-01-15 20:37:42 - [[32minfo[39m]: [32mServidor iniciado : http://localhost:/3000[39m
2025-01-15 20:37:49 - [[35mhttp[39m]: [35mPOST /clients/signin 404 154 - 5.483 ms[39m
[35m[39m
2025-01-15 20:38:26 - [[35mhttp[39m]: [35mGET /clients/pix 200 11 - 2.413 ms[39m
[35m[39m
2025-01-15 20:38:50 - [[32minfo[39m]: [32mServidor iniciado : http://localhost:/3000[39m
2025-01-15 20:39:03 - [[32minfo[39m]: [32mServidor iniciado : http://localhost:/3000[39m
2025-01-15 20:39:42 - [[32minfo[39m]: [32mServidor iniciado : http://localhost:/3000[39m
2025-01-15 20:39:45 - [[32minfo[39m]: [32mServidor iniciado : http://localhost:/3000[39m
2025-01-15 20:46:06 - [[32minfo[39m]: [32mServidor iniciado : http://localhost:/3000[39m
2025-01-15 20:52:51 - [[32minfo[39m]: [32mServidor iniciado : http://localhost:/3000[39m
2025-01-15 20:54:54 - [[32minfo[39m]: [32mServidor iniciado : http://localhost:/3000[39m
2025-01-15 20:56:42 - [[32minfo[39m]: [32mServidor iniciado : http://localhost:/3000[39m
2025-01-15 21:01:05 - [[32minfo[39m]: [32mServidor iniciado : http://localhost:/3000[39m
2025-01-15 21:03:09 - [[32minfo[39m]: [32mServidor iniciado : http://localhost:/3000[39m
2025-01-15 21:03:27 - [[32minfo[39m]: [32mServidor iniciado : http://localhost:/3000[39m
2025-01-15 21:03:48 - [[32minfo[39m]: [32mServidor iniciado : http://localhost:/3000[39m
2025-01-15 21:06:45 - [[32minfo[39m]: [32mServidor iniciado : http://localhost:/3000[39m
2025-01-15 21:09:23 - [[32minfo[39m]: [32mServidor iniciado : http://localhost:/3000[39m
2025-01-15 21:11:07 - [[32minfo[39m]: [32mServidor iniciado : http://localhost:/3000[39m
2025-01-15 21:13:27 - [[32minfo[39m]: [32mServidor iniciado : http://localhost:/3000[39m
2025-01-15 21:14:09 - [[35mhttp[39m]: [35mPOST /signin 201 194 - 37049.817 ms[39m
[35m[39m
2025-01-15 21:15:26 - [[35mhttp[39m]: [35mPOST /login 200 155 - 424.229 ms[39m
[35m[39m
2025-01-15 21:18:02 - [[32minfo[39m]: [32mServidor iniciado : http://localhost:/3000[39m
2025-01-15 21:18:20 - [[35mhttp[39m]: [35mPOST /login 200 155 - 179.860 ms[39m
[35m[39m
2025-01-16 11:34:11 - [[32minfo[39m]: [32mServidor iniciado : http://localhost:/3000[39m
2025-01-16 11:35:07 - [[32minfo[39m]: [32mServidor iniciado : http://localhost:/3000[39m
2025-01-16 11:35:09 - [[35mhttp[39m]: [35mPOST /signin 404 146 - 2.484 ms[39m
[35m[39m
2025-01-16 11:35:37 - [[32minfo[39m]: [32mServidor iniciado : http://localhost:/3000[39m
2025-01-16 11:35:41 - [[35mhttp[39m]: [35mPOST /signin 400 584 - 6.085 ms[39m
[35m[39m
2025-01-16 11:36:30 - [[32minfo[39m]: [32mServidor iniciado : http://localhost:/3000[39m
2025-01-16 11:36:34 - [[35mhttp[39m]: [35mPOST /signin 201 155 - 1298.824 ms[39m
[35m[39m
2025-01-16 11:36:56 - [[35mhttp[39m]: [35mPOST /login 200 155 - 215.184 ms[39m
[35m[39m
2025-01-16 11:39:15 - [[32minfo[39m]: [32mServidor iniciado : http://localhost:/3000[39m
2025-01-16 11:50:29 - [[32minfo[39m]: [32mServidor iniciado : http://localhost:/3000[39m
2025-01-16 11:50:42 - [[32minfo[39m]: [32mServidor iniciado : http://localhost:3000[39m
2025-01-16 11:51:13 - [[35mhttp[39m]: [35mPOST /login 200 155 - 181.871 ms[39m
[35m[39m
2025-01-16 20:05:35 - [[32minfo[39m]: [32mServidor iniciado : http://localhost:3000[39m
2025-01-16 20:05:58 - [[32minfo[39m]: [32mServidor iniciado : http://localhost:3000[39m
2025-01-16 20:06:09 - [[35mhttp[39m]: [35mPOST /clients 400 115 - 6.506 ms[39m
[35m[39m
2025-01-16 20:06:48 - [[32minfo[39m]: [32mServidor iniciado : http://localhost:3000[39m
2025-01-16 20:06:51 - [[35mhttp[39m]: [35mPOST /clients 400 243 - 7.473 ms[39m
[35m[39m
2025-01-16 20:07:29 - [[32minfo[39m]: [32mServidor iniciado : http://localhost:3000[39m
2025-01-16 20:07:49 - [[32minfo[39m]: [32mServidor iniciado : http://localhost:3000[39m
2025-01-16 20:08:08 - [[32minfo[39m]: [32mServidor iniciado : http://localhost:3000[39m
2025-01-16 20:15:53 - [[32minfo[39m]: [32mServidor iniciado : http://localhost:3000[39m
2025-01-16 20:19:38 - [[32minfo[39m]: [32mServidor iniciado : http://localhost:3000[39m
2025-01-16 20:19:43 - [[35mhttp[39m]: [35mPOST /clients 500 39 - 217.838 ms[39m
[35m[39m
2025-01-16 20:20:04 - [[35mhttp[39m]: [35mPOST /clients 500 39 - 175.655 ms[39m
[35m[39m
2025-01-16 20:20:11 - [[35mhttp[39m]: [35mPOST /clients 500 116 - 1.714 ms[39m
[35m[39m
2025-01-16 20:21:13 - [[32minfo[39m]: [32mServidor iniciado : http://localhost:3000[39m
2025-01-16 20:21:15 - [[35mhttp[39m]: [35mPOST /clients 500 39 - 205.224 ms[39m
[35m[39m
2025-01-16 20:21:22 - [[35mhttp[39m]: [35mPOST /clients 500 116 - 2.215 ms[39m
[35m[39m
2025-01-16 20:22:21 - [[32minfo[39m]: [32mServidor iniciado : http://localhost:3000[39m
2025-01-16 20:22:25 - [[35mhttp[39m]: [35mPOST /clients 500 116 - 7.914 ms[39m
[35m[39m
2025-01-16 20:24:02 - [[32minfo[39m]: [32mServidor iniciado : http://localhost:3000[39m
2025-01-16 20:24:12 - [[35mhttp[39m]: [35mPOST /clients 500 116 - 7.392 ms[39m
[35m[39m
2025-01-16 20:25:34 - [[32minfo[39m]: [32mServidor iniciado : http://localhost:3000[39m
2025-01-16 20:25:40 - [[35mhttp[39m]: [35mPOST /clients 500 39 - 200.695 ms[39m
[35m[39m
2025-01-16 20:31:42 - [[32minfo[39m]: [32mServidor iniciado : http://localhost:3000[39m
2025-01-16 20:31:47 - [[31merror[39m]: [31m[39m
[31mInvalid `prisma.client.create()` invocation in[39m
[31mD:\BKP\Documentos\Estudos\projetos\node\validaPix-teste\src\auth\services\auth.service.ts:35:45[39m

[31m  32     password: await bcrypt.hash(password, 10),[39m
[31m  33     cpf[39m
[31m  34 }[39m
[31m→ 35 const newUser = await prisma.client.create([39m
[31mThe provided value for the column is too long for the column's type. Column: (not available)[39m
2025-01-16 20:31:47 - [[35mhttp[39m]: [35mPOST /clients 500 39 - 192.858 ms[39m
[35m[39m
2025-01-16 20:32:50 - [[32minfo[39m]: [32mServidor iniciado : http://localhost:3000[39m
2025-01-16 20:33:01 - [[31merror[39m]: [31m[39m
[31mInvalid `prisma.client.create()` invocation in[39m
[31mD:\BKP\Documentos\Estudos\projetos\node\validaPix-teste\src\auth\services\auth.service.ts:36:45[39m

[31m  33     password: newPassword,[39m
[31m  34     cpf[39m
[31m  35 }[39m
[31m→ 36 const newUser = await prisma.client.create([39m
[31mThe provided value for the column is too long for the column's type. Column: (not available)[39m
2025-01-16 20:33:01 - [[35mhttp[39m]: [35mPOST /clients 500 39 - 197.402 ms[39m
[35m[39m
2025-01-16 20:35:30 - [[32minfo[39m]: [32mServidor iniciado : http://localhost:3000[39m
2025-01-16 20:35:33 - [[35mhttp[39m]: [35mPOST /clients 201 155 - 203.387 ms[39m
[35m[39m
2025-01-16 20:36:18 - [[35mhttp[39m]: [35mPOST /clients 500 116 - 3.101 ms[39m
[35m[39m
2025-01-16 20:38:36 - [[32minfo[39m]: [32mServidor iniciado : http://localhost:3000[39m
2025-01-16 20:38:39 - [[35mhttp[39m]: [35mPOST /clients 400 116 - 7.210 ms[39m
[35m[39m
2025-01-16 20:39:28 - [[32minfo[39m]: [32mServidor iniciado : http://localhost:3000[39m
2025-01-16 20:40:27 - [[32minfo[39m]: [32mServidor iniciado : http://localhost:3000[39m
2025-01-16 20:40:31 - [[35mhttp[39m]: [35mPOST /clients 400 136 - 7.235 ms[39m
[35m[39m
2025-01-16 20:41:02 - [[32minfo[39m]: [32mServidor iniciado : http://localhost:3000[39m
2025-01-16 20:41:05 - [[35mhttp[39m]: [35mPOST /clients 400 217 - 6.559 ms[39m
[35m[39m
2025-01-16 20:41:21 - [[32minfo[39m]: [32mServidor iniciado : http://localhost:3000[39m
2025-01-16 20:41:24 - [[35mhttp[39m]: [35mPOST /clients 400 136 - 7.619 ms[39m
[35m[39m
2025-01-16 20:43:00 - [[32minfo[39m]: [32mServidor iniciado : http://localhost:3000[39m
2025-01-16 20:43:05 - [[35mhttp[39m]: [35mPOST /clients 400 136 - 7.197 ms[39m
[35m[39m
2025-01-16 20:43:36 - [[32minfo[39m]: [32mServidor iniciado : http://localhost:3000[39m
2025-01-16 20:45:32 - [[32minfo[39m]: [32mServidor iniciado : http://localhost:3000[39m
2025-01-16 20:46:40 - [[35mhttp[39m]: [35mPOST /clients 400 156 - 7.209 ms[39m
[35m[39m
2025-01-16 20:50:31 - [[32minfo[39m]: [32mServidor iniciado : http://localhost:3000[39m
2025-01-16 20:51:09 - [[32minfo[39m]: [32mServidor iniciado : http://localhost:3000[39m
2025-01-16 20:51:12 - [[35mhttp[39m]: [35mPOST /clients 400 50 - 6.865 ms[39m
[35m[39m
2025-01-16 20:51:23 - [[35mhttp[39m]: [35mPOST /clients 400 34 - 1.833 ms[39m
[35m[39m
2025-01-16 20:52:54 - [[32minfo[39m]: [32mServidor iniciado : http://localhost:3000[39m
2025-01-16 20:53:02 - [[35mhttp[39m]: [35mPOST /clients 400 55 - 9.729 ms[39m
[35m[39m
2025-01-16 20:53:33 - [[35mhttp[39m]: [35mPOST /login 500 38 - 34.353 ms[39m
[35m[39m
2025-01-16 20:54:23 - [[32minfo[39m]: [32mServidor iniciado : http://localhost:3000[39m
2025-01-16 20:54:25 - [[35mhttp[39m]: [35mPOST /login 404 38 - 43.983 ms[39m
[35m[39m
2025-01-16 20:54:31 - [[35mhttp[39m]: [35mPOST /login 200 155 - 155.929 ms[39m
[35m[39m
2025-01-16 20:54:40 - [[35mhttp[39m]: [35mPOST /login 400 23 - 1.831 ms[39m
[35m[39m
2025-01-16 20:54:47 - [[35mhttp[39m]: [35mPOST /login 200 155 - 541.035 ms[39m
[35m[39m
2025-01-16 20:56:09 - [[35mhttp[39m]: [35mGET /clients/pix 200 14 - 26.426 ms[39m
[35m[39m
2025-01-16 20:56:38 - [[35mhttp[39m]: [35mGET /clients/pix 200 14 - 5.635 ms[39m
[35m[39m
2025-01-16 20:57:53 - [[32minfo[39m]: [32mServidor iniciado : http://localhost:3000[39m
2025-01-16 20:58:24 - [[35mhttp[39m]: [35mPOST /clients/pix 201 40 - 116.873 ms[39m
[35m[39m
2025-01-16 20:58:33 - [[35mhttp[39m]: [35mGET /clients/pix 500 39 - 5.798 ms[39m
[35m[39m
2025-01-16 20:58:38 - [[35mhttp[39m]: [35mGET /clients/pix 500 39 - 3.234 ms[39m
[35m[39m
2025-01-16 21:00:04 - [[32minfo[39m]: [32mServidor iniciado : http://localhost:3000[39m
2025-01-16 21:01:19 - [[32minfo[39m]: [32mServidor iniciado : http://localhost:3000[39m
2025-01-16 21:01:23 - [[35mhttp[39m]: [35mGET /clients/pix 500 39 - 4.681 ms[39m
[35m[39m
2025-01-16 21:01:25 - [[35mhttp[39m]: [35mGET /clients/pix 500 39 - 0.870 ms[39m
[35m[39m
2025-01-16 21:01:27 - [[35mhttp[39m]: [35mGET /clients/pix 500 39 - 0.739 ms[39m
[35m[39m
2025-01-16 21:01:49 - [[32minfo[39m]: [32mServidor iniciado : http://localhost:3000[39m
2025-01-16 21:02:50 - [[35mhttp[39m]: [35mGET /clients/pix 500 39 - 54297.280 ms[39m
[35m[39m
2025-01-16 21:04:51 - [[32minfo[39m]: [32mServidor iniciado : http://localhost:3000[39m
2025-01-16 21:04:56 - [[31merror[39m]: [31mlogger_1.default.data is not a function[39m
2025-01-16 21:04:56 - [[35mhttp[39m]: [35mGET /clients/pix 500 39 - 4.740 ms[39m
[35m[39m
2025-01-16 21:05:43 - [[31merror[39m]: [31mlogger_1.default.data is not a function[39m
2025-01-16 21:05:43 - [[35mhttp[39m]: [35mGET /clients/pix 500 39 - 0.959 ms[39m
[35m[39m
2025-01-16 21:06:22 - [[32minfo[39m]: [32mServidor iniciado : http://localhost:3000[39m
2025-01-16 21:06:28 - [[31merror[39m]: [31mlogger_1.default.data is not a function[39m
2025-01-16 21:06:28 - [[35mhttp[39m]: [35mGET /clients/pix 500 39 - 4.724 ms[39m
[35m[39m
2025-01-17 10:03:33 - [[32minfo[39m]: [32mServidor iniciado : http://localhost:3000[39m
2025-01-17 10:03:36 - [[31merror[39m]: [31mlogger_1.default.data is not a function[39m
2025-01-17 10:03:36 - [[35mhttp[39m]: [35mGET /clients/pix 500 39 - 4.487 ms[39m
[35m[39m
2025-01-17 10:07:00 - [[32minfo[39m]: [32mServidor iniciado : http://localhost:3000[39m
2025-01-17 10:09:03 - [[32minfo[39m]: [32mServidor iniciado : http://localhost:3000[39m
2025-01-17 10:09:23 - [[32minfo[39m]: [32mServidor iniciado : http://localhost:3000[39m
2025-01-17 10:09:26 - [[31merror[39m]: [31mlogger_1.default.data is not a function[39m
2025-01-17 10:09:26 - [[35mhttp[39m]: [35mGET /clients/pix 500 39 - 2257.497 ms[39m
[35m[39m
2025-01-17 10:10:37 - [[32minfo[39m]: [32mServidor iniciado : http://localhost:3000[39m
2025-01-17 10:10:41 - [[31merror[39m]: [31mlogger_1.default.data is not a function[39m
2025-01-17 10:10:41 - [[35mhttp[39m]: [35mGET /clients/pix 500 39 - 2676.242 ms[39m
[35m[39m
2025-01-17 10:10:53 - [[32minfo[39m]: [32mServidor iniciado : http://localhost:3000[39m
2025-01-17 10:10:58 - [[31merror[39m]: [31mlogger_1.default.data is not a function[39m
2025-01-17 10:10:58 - [[35mhttp[39m]: [35mGET /clients/pix 500 39 - 2343.703 ms[39m
[35m[39m
2025-01-17 10:11:13 - [[32minfo[39m]: [32mServidor iniciado : http://localhost:3000[39m
2025-01-17 10:11:19 - [[31merror[39m]: [31mPromise {[39m
[31m  <pending>,[39m
[31m  [Symbol(async_id_symbol)]: 514,[39m
[31m  [Symbol(trigger_async_id_symbol)]: 500[39m
[31m}[39m
2025-01-17 10:11:19 - [[35mhttp[39m]: [35mGET /clients/pix 200 16 - 2421.332 ms[39m
[35m[39m
2025-01-17 10:11:39 - [[32minfo[39m]: [32mServidor iniciado : http://localhost:3000[39m
2025-01-17 10:11:43 - [[31merror[39m]: [31m{[39m
[31m  then: [Function: then],[39m
[31m  catch: [Function: catch],[39m
[31m  finally: [Function: finally],[39m
[31m  requestTransaction: [Function: requestTransaction],[39m
[31m  [Symbol(Symbol.toStringTag)]: 'PrismaPromise'[39m
[31m}[39m
2025-01-17 10:11:43 - [[31merror[39m]: [31mDo not know how to serialize a BigInt[39m
2025-01-17 10:11:43 - [[35mhttp[39m]: [35mGET /clients/pix 500 39 - 1027.307 ms[39m
[35m[39m
2025-01-17 10:13:43 - [[32minfo[39m]: [32mServidor iniciado : http://localhost:3000[39m
2025-01-17 10:14:03 - [[31merror[39m]: [31m{[39m
[31m  then: [Function: then],[39m
[31m  catch: [Function: catch],[39m
[31m  finally: [Function: finally],[39m
[31m  requestTransaction: [Function: requestTransaction],[39m
[31m  [Symbol(Symbol.toStringTag)]: 'PrismaPromise'[39m
[31m}[39m
2025-01-17 10:14:04 - [[35mhttp[39m]: [35mGET /clients/pix 200 14 - 946.282 ms[39m
[35m[39m
2025-01-17 10:14:16 - [[35mhttp[39m]: [35mPOST /clients/pix 500 38 - 85.938 ms[39m
[35m[39m
2025-01-17 10:15:31 - [[32minfo[39m]: [32mServidor iniciado : http://localhost:3000[39m
2025-01-17 10:15:34 - [[35mhttp[39m]: [35mPOST /clients/pix 404 38 - 44.653 ms[39m
[35m[39m
2025-01-17 10:15:48 - [[35mhttp[39m]: [35mPOST /clients 201 155 - 343.739 ms[39m
[35m[39m
2025-01-17 10:16:04 - [[35mhttp[39m]: [35mPOST /clients/pix 201 40 - 157.393 ms[39m
[35m[39m
2025-01-17 10:16:15 - [[31merror[39m]: [31m{[39m
[31m  then: [Function: then],[39m
[31m  catch: [Function: catch],[39m
[31m  finally: [Function: finally],[39m
[31m  requestTransaction: [Function: requestTransaction],[39m
[31m  [Symbol(Symbol.toStringTag)]: 'PrismaPromise'[39m
[31m}[39m
2025-01-17 10:16:15 - [[35mhttp[39m]: [35mGET /clients/pix 200 208 - 7.780 ms[39m
[35m[39m
2025-01-17 10:16:42 - [[35mhttp[39m]: [35mPOST /clients/pix 201 40 - 11.614 ms[39m
[35m[39m
2025-01-17 10:16:47 - [[35mhttp[39m]: [35mPOST /clients/pix 201 40 - 9.715 ms[39m
[35m[39m
2025-01-17 10:16:50 - [[31merror[39m]: [31m{[39m
[31m  then: [Function: then],[39m
[31m  catch: [Function: catch],[39m
[31m  finally: [Function: finally],[39m
[31m  requestTransaction: [Function: requestTransaction],[39m
[31m  [Symbol(Symbol.toStringTag)]: 'PrismaPromise'[39m
[31m}[39m
2025-01-17 10:16:50 - [[35mhttp[39m]: [35mGET /clients/pix 200 598 - 4.952 ms[39m
[35m[39m
2025-01-17 10:17:42 - [[31merror[39m]: [31m{[39m
[31m  then: [Function: then],[39m
[31m  catch: [Function: catch],[39m
[31m  finally: [Function: finally],[39m
[31m  requestTransaction: [Function: requestTransaction],[39m
[31m  [Symbol(Symbol.toStringTag)]: 'PrismaPromise'[39m
[31m}[39m
2025-01-17 10:17:42 - [[35mhttp[39m]: [35mGET /clients/pix 200 14 - 6.362 ms[39m
[35m[39m
2025-01-17 10:21:16 - [[32minfo[39m]: [32mServidor iniciado : http://localhost:3000[39m
2025-01-17 10:24:16 - [[32minfo[39m]: [32mServidor iniciado : http://localhost:3000[39m
2025-01-17 10:26:43 - [[32minfo[39m]: [32mServidor iniciado : http://localhost:3000[39m
2025-01-17 10:28:00 - [[35mhttp[39m]: [35mGET /clients/pix 200 598 - 35.123 ms[39m
[35m[39m
2025-01-17 10:28:13 - [[35mhttp[39m]: [35mGET /clients/pix 200 598 - 4.013 ms[39m
[35m[39m
2025-01-17 10:29:56 - [[32minfo[39m]: [32mServidor iniciado : http://localhost:3000[39m
2025-01-17 10:30:33 - [[35mhttp[39m]: [35mGET /clients/pix 200 598 - 30545.757 ms[39m
[35m[39m
2025-01-17 10:30:57 - [[35mhttp[39m]: [35mGET /clients/pix 200 598 - 7.766 ms[39m
[35m[39m
2025-01-17 10:31:03 - [[35mhttp[39m]: [35mGET /clients/pix 200 598 - 4.090 ms[39m
[35m[39m
2025-01-17 10:31:11 - [[32minfo[39m]: [32mServidor iniciado : http://localhost:3000[39m
2025-01-17 10:33:24 - [[32minfo[39m]: [32mServidor iniciado : http://localhost:3000[39m
2025-01-17 10:33:27 - [[35mhttp[39m]: [35mGET /clients/pix 500 39 - 6.393 ms[39m
[35m[39m
2025-01-17 10:34:01 - [[32minfo[39m]: [32mServidor iniciado : http://localhost:3000[39m
2025-01-17 10:34:04 - [[35mhttp[39m]: [35mGET /clients/pix 400 84 - 7.303 ms[39m
[35m[39m
2025-01-17 10:34:29 - [[35mhttp[39m]: [35mGET /clients/pix 400 84 - 1.173 ms[39m
[35m[39m
2025-01-17 10:34:58 - [[35mhttp[39m]: [35mGET /clients/pix 200 14 - 33.373 ms[39m
[35m[39m
2025-01-17 10:35:00 - [[35mhttp[39m]: [35mGET /clients/pix 200 14 - 3.650 ms[39m
[35m[39m
2025-01-17 10:36:45 - [[32minfo[39m]: [32mServidor iniciado : http://localhost:3000[39m
2025-01-17 10:36:47 - [[35mhttp[39m]: [35mGET /clients/pix 404 38 - 39.516 ms[39m
[35m[39m
2025-01-17 10:41:14 - [[32minfo[39m]: [32mServidor iniciado : http://localhost:3000[39m
2025-01-17 10:41:18 - [[32minfo[39m]: [32mServidor iniciado : http://localhost:3000[39m
2025-01-17 10:41:30 - [[32minfo[39m]: [32mServidor iniciado : http://localhost:3000[39m
2025-01-17 10:41:34 - [[32minfo[39m]: [32mServidor iniciado : http://localhost:3000[39m
2025-01-17 10:41:50 - [[32minfo[39m]: [32mServidor iniciado : http://localhost:3000[39m
2025-01-17 10:42:52 - [[32minfo[39m]: [32mServidor iniciado : http://localhost:3000[39m
2025-01-17 10:42:56 - [[32minfo[39m]: [32mServidor iniciado : http://localhost:3000[39m
2025-01-17 10:42:59 - [[35mhttp[39m]: [35mGET /clients/pix 404 38 - 46.908 ms[39m
[35m[39m
2025-01-17 10:43:06 - [[35mhttp[39m]: [35mGET /clients/pix 404 38 - 4.431 ms[39m
[35m[39m
2025-01-17 10:43:13 - [[35mhttp[39m]: [35mGET /clients/pix 400 84 - 2.159 ms[39m
[35m[39m
2025-01-17 10:43:59 - [[32minfo[39m]: [32mServidor iniciado : http://localhost:3000[39m
2025-01-17 10:45:10 - [[32minfo[39m]: [32mServidor iniciado : http://localhost:3000[39m
2025-01-17 10:45:14 - [[35mhttp[39m]: [35mGET /clients/pix 400 84 - 6.522 ms[39m
[35m[39m
2025-01-17 10:45:39 - [[32minfo[39m]: [32mServidor iniciado : http://localhost:3000[39m
2025-01-17 10:46:43 - [[32minfo[39m]: [32mServidor iniciado : http://localhost:3000[39m
2025-01-17 10:47:19 - [[32minfo[39m]: [32mServidor iniciado : http://localhost:3000[39m
2025-01-17 10:47:29 - [[35mhttp[39m]: [35mGET /clients/pix 400 72 - 6.534 ms[39m
[35m[39m
2025-01-17 10:47:44 - [[35mhttp[39m]: [35mGET /clients/pix 400 22 - 1.168 ms[39m
[35m[39m
2025-01-17 10:48:03 - [[32minfo[39m]: [32mServidor iniciado : http://localhost:3000[39m
2025-01-17 10:48:05 - [[35mhttp[39m]: [35mGET /clients/pix 400 19 - 6.109 ms[39m
[35m[39m
2025-01-17 10:48:21 - [[32minfo[39m]: [32mServidor iniciado : http://localhost:3000[39m
2025-01-17 10:48:23 - [[35mhttp[39m]: [35mGET /clients/pix 400 22 - 7.023 ms[39m
[35m[39m
2025-01-17 10:48:31 - [[32minfo[39m]: [32mServidor iniciado : http://localhost:3000[39m
2025-01-17 10:52:45 - [[32minfo[39m]: [32mServidor iniciado : http://localhost:3000[39m
2025-01-17 10:52:47 - [[35mhttp[39m]: [35mGET /clients/pix 400 53 - 7.237 ms[39m
[35m[39m
2025-01-17 10:53:21 - [[32minfo[39m]: [32mServidor iniciado : http://localhost:3000[39m
2025-01-17 10:53:23 - [[35mhttp[39m]: [35mGET /clients/pix 400 80 - 6.223 ms[39m
[35m[39m
2025-01-17 10:54:48 - [[35mhttp[39m]: [35mGET /clients/pix 200 598 - 1287.883 ms[39m
[35m[39m
2025-01-17 10:56:01 - [[35mhttp[39m]: [35mPATCH /clients/pix - - - - ms[39m
[35m[39m
2025-01-17 10:58:22 - [[32minfo[39m]: [32mServidor iniciado : http://localhost:3000[39m
2025-01-17 10:58:26 - [[35mhttp[39m]: [35mPATCH /clients/pix 500 55 - 33.759 ms[39m
[35m[39m
2025-01-17 10:58:46 - [[32minfo[39m]: [32mServidor iniciado : http://localhost:3000[39m
2025-01-17 10:58:49 - [[35mhttp[39m]: [35mPATCH /clients/pix 400 55 - 36.368 ms[39m
[35m[39m
2025-01-17 10:59:38 - [[32minfo[39m]: [32mServidor iniciado : http://localhost:3000[39m
2025-01-17 11:00:39 - [[35mhttp[39m]: [35mPATCH /clients/pix 400 55 - 55877.454 ms[39m
[35m[39m
2025-01-17 11:00:45 - [[35mhttp[39m]: [35mGET /clients/pix 200 595 - 36.570 ms[39m
[35m[39m
2025-01-17 11:06:11 - [[35mhttp[39m]: [35mPATCH /clients/pix - - - - ms[39m
[35m[39m
2025-01-17 11:09:48 - [[32minfo[39m]: [32mServidor iniciado : http://localhost:3000[39m
2025-01-17 11:09:55 - [[32minfo[39m]: [32mServidor iniciado : http://localhost:3000[39m
2025-01-17 11:09:56 - [[35mhttp[39m]: [35mGET /clients/pix 200 592 - 69.410 ms[39m
[35m[39m
2025-01-17 11:10:17 - [[35mhttp[39m]: [35mPATCH /clients/pix 410 35 - 2886.524 ms[39m
[35m[39m
2025-01-17 11:10:32 - [[35mhttp[39m]: [35mPOST /clients/pix 201 40 - 131.365 ms[39m
[35m[39m
2025-01-17 11:10:43 - [[35mhttp[39m]: [35mPOST /clients/pix 404 38 - 5.078 ms[39m
[35m[39m
2025-01-17 11:10:52 - [[35mhttp[39m]: [35mPOST /clients 409 33 - 7.617 ms[39m
[35m[39m
2025-01-17 11:10:58 - [[35mhttp[39m]: [35mPOST /login 404 38 - 5.343 ms[39m
[35m[39m
2025-01-17 11:11:03 - [[35mhttp[39m]: [35mPOST /login 200 155 - 160.693 ms[39m
[35m[39m
2025-01-17 11:11:48 - [[32minfo[39m]: [32mServidor iniciado : http://localhost:3000[39m
2025-01-17 11:13:50 - [[32minfo[39m]: [32mServidor iniciado : http://localhost:3000[39m
2025-01-17 11:13:55 - [[35mhttp[39m]: [35mPOST /login 200 155 - 192.798 ms[39m
[35m[39m
2025-01-17 11:14:00 - [[35mhttp[39m]: [35mGET /clients/pix 200 786 - 31.167 ms[39m
[35m[39m
2025-01-17 11:14:05 - [[35mhttp[39m]: [35mPOST /clients/pix 404 38 - 5.123 ms[39m
[35m[39m
2025-01-17 11:24:01 - [[32minfo[39m]: [32mServidor iniciado : http://localhost:3000[39m
2025-01-17 11:24:16 - [[32minfo[39m]: [32mServidor iniciado : http://localhost:3000[39m
2025-01-17 11:30:59 - [[32minfo[39m]: [32mServidor iniciado : http://localhost:3000[39m
2025-01-17 11:31:42 - [[32minfo[39m]: [32mServidor iniciado : http://localhost:3000[39m
2025-01-17 11:32:00 - [[35mhttp[39m]: [35mPOST /clients/pix 401 1460 - 5.436 ms[39m
[35m[39m
2025-01-17 11:32:08 - [[35mhttp[39m]: [35mPOST /login 200 155 - 184.175 ms[39m
[35m[39m
2025-01-17 11:32:12 - [[35mhttp[39m]: [35mGET /clients/pix 401 1460 - 1.132 ms[39m
[35m[39m
2025-01-17 11:32:17 - [[35mhttp[39m]: [35mPOST /clients 401 1460 - 0.651 ms[39m
[35m[39m
2025-01-17 11:32:47 - [[32minfo[39m]: [32mServidor iniciado : http://localhost:3000[39m
2025-01-17 11:32:51 - [[32minfo[39m]: [32mServidor iniciado : http://localhost:3000[39m
2025-01-17 11:32:53 - [[35mhttp[39m]: [35mPOST /clients 409 33 - 40.010 ms[39m
[35m[39m
2025-01-17 11:32:58 - [[35mhttp[39m]: [35mPOST /login 200 155 - 156.773 ms[39m
[35m[39m
2025-01-17 11:34:20 - [[32minfo[39m]: [32mServidor iniciado : http://localhost:3000[39m
2025-01-17 11:34:53 - [[35mhttp[39m]: [35mGET /clients/pix 401 932 - 9.873 ms[39m
[35m[39m
2025-01-17 11:35:14 - [[35mhttp[39m]: [35mGET /clients/pix 401 1460 - 1.894 ms[39m
[35m[39m
2025-01-17 11:36:26 - [[35mhttp[39m]: [35mGET /clients/pix 401 1460 - 0.954 ms[39m
[35m[39m
2025-01-17 11:38:54 - [[35mhttp[39m]: [35mGET /clients/pix 200 786 - 64.243 ms[39m
[35m[39m
2025-01-17 11:39:14 - [[35mhttp[39m]: [35mGET /clients/pix 200 786 - 12.335 ms[39m
[35m[39m
2025-01-17 11:39:41 - [[35mhttp[39m]: [35mPOST /clients/pix 404 38 - 8.094 ms[39m
[35m[39m
2025-01-17 11:40:15 - [[35mhttp[39m]: [35mPOST /clients/pix 401 1516 - 1.682 ms[39m
[35m[39m
2025-01-17 11:40:20 - [[35mhttp[39m]: [35mPOST /clients/pix 404 38 - 6.844 ms[39m
[35m[39m
2025-01-17 12:01:02 - [[32minfo[39m]: [32mServidor iniciado : http://localhost:3000[39m
2025-01-17 12:01:23 - [[35mhttp[39m]: [35mGET /clients/pix 401 1453 - 5.843 ms[39m
[35m[39m
2025-01-17 12:02:47 - [[32minfo[39m]: [32mServidor iniciado : http://localhost:3000[39m
2025-01-17 12:02:54 - [[35mhttp[39m]: [35mGET /clients/pix 200 786 - 975.547 ms[39m
[35m[39m
2025-01-17 12:05:19 - [[32minfo[39m]: [32mServidor iniciado : http://localhost:3000[39m
