2025-01-16 20:31:47 - [[31merror[39m]: [31m[39m
[31mInvalid `prisma.client.create()` invocation in[39m
[31mD:\BKP\Documentos\Estudos\projetos\node\validaPix-teste\src\auth\services\auth.service.ts:35:45[39m

[31m  32     password: await bcrypt.hash(password, 10),[39m
[31m  33     cpf[39m
[31m  34 }[39m
[31m→ 35 const newUser = await prisma.client.create([39m
[31mThe provided value for the column is too long for the column's type. Column: (not available)[39m
2025-01-16 20:33:01 - [[31merror[39m]: [31m[39m
[31mInvalid `prisma.client.create()` invocation in[39m
[31mD:\BKP\Documentos\Estudos\projetos\node\validaPix-teste\src\auth\services\auth.service.ts:36:45[39m

[31m  33     password: newPassword,[39m
[31m  34     cpf[39m
[31m  35 }[39m
[31m→ 36 const newUser = await prisma.client.create([39m
[31mThe provided value for the column is too long for the column's type. Column: (not available)[39m
2025-01-16 21:04:56 - [[31merror[39m]: [31mlogger_1.default.data is not a function[39m
2025-01-16 21:05:43 - [[31merror[39m]: [31mlogger_1.default.data is not a function[39m
2025-01-16 21:06:28 - [[31merror[39m]: [31mlogger_1.default.data is not a function[39m
2025-01-17 10:03:36 - [[31merror[39m]: [31mlogger_1.default.data is not a function[39m
2025-01-17 10:09:26 - [[31merror[39m]: [31mlogger_1.default.data is not a function[39m
2025-01-17 10:10:41 - [[31merror[39m]: [31mlogger_1.default.data is not a function[39m
2025-01-17 10:10:58 - [[31merror[39m]: [31mlogger_1.default.data is not a function[39m
2025-01-17 10:11:19 - [[31merror[39m]: [31mPromise {[39m
[31m  <pending>,[39m
[31m  [Symbol(async_id_symbol)]: 514,[39m
[31m  [Symbol(trigger_async_id_symbol)]: 500[39m
[31m}[39m
2025-01-17 10:11:43 - [[31merror[39m]: [31m{[39m
[31m  then: [Function: then],[39m
[31m  catch: [Function: catch],[39m
[31m  finally: [Function: finally],[39m
[31m  requestTransaction: [Function: requestTransaction],[39m
[31m  [Symbol(Symbol.toStringTag)]: 'PrismaPromise'[39m
[31m}[39m
2025-01-17 10:11:43 - [[31merror[39m]: [31mDo not know how to serialize a BigInt[39m
2025-01-17 10:14:03 - [[31merror[39m]: [31m{[39m
[31m  then: [Function: then],[39m
[31m  catch: [Function: catch],[39m
[31m  finally: [Function: finally],[39m
[31m  requestTransaction: [Function: requestTransaction],[39m
[31m  [Symbol(Symbol.toStringTag)]: 'PrismaPromise'[39m
[31m}[39m
2025-01-17 10:16:15 - [[31merror[39m]: [31m{[39m
[31m  then: [Function: then],[39m
[31m  catch: [Function: catch],[39m
[31m  finally: [Function: finally],[39m
[31m  requestTransaction: [Function: requestTransaction],[39m
[31m  [Symbol(Symbol.toStringTag)]: 'PrismaPromise'[39m
[31m}[39m
2025-01-17 10:16:50 - [[31merror[39m]: [31m{[39m
[31m  then: [Function: then],[39m
[31m  catch: [Function: catch],[39m
[31m  finally: [Function: finally],[39m
[31m  requestTransaction: [Function: requestTransaction],[39m
[31m  [Symbol(Symbol.toStringTag)]: 'PrismaPromise'[39m
[31m}[39m
2025-01-17 10:17:42 - [[31merror[39m]: [31m{[39m
[31m  then: [Function: then],[39m
[31m  catch: [Function: catch],[39m
[31m  finally: [Function: finally],[39m
[31m  requestTransaction: [Function: requestTransaction],[39m
[31m  [Symbol(Symbol.toStringTag)]: 'PrismaPromise'[39m
[31m}[39m
